<?xml version="1.0" encoding="UTF-8"?>
<!-- Generated by org.testng.reporters.JUnitReportReporter -->
<testsuite hostname="WINDOWS-R8SKFHD" failures="0" tests="1" name="com.qa.keywordTest.WikiPageTest" time="16.485" errors="0" timestamp="13 Nov 2021 10:21:24 GMT" skipped="0">
  <testcase classname="com.qa.keywordTest.WikiPageTest" name="keywordframework" time="16.485"/>
</testsuite> <!-- com.qa.keywordTest.WikiPageTest -->
